<?xml version="1.0" encoding="UTF-8"?>
<coverage generated="1736381945876" clover="3.2.0">
  <project timestamp="1736381945876" name="All files">
    <metrics statements="71" coveredstatements="54" conditionals="24" coveredconditionals="22" methods="6" coveredmethods="5" elements="101" coveredelements="81" complexity="0" loc="71" ncloc="71" packages="1" files="4" classes="4"/>
    <file name="calculator.tsx" path="C:\Users\nady4\Desktop\dev\vitest-tdd\src\calculator.tsx">
      <metrics statements="33" coveredstatements="33" conditionals="7" coveredconditionals="7" methods="3" coveredmethods="3"/>
      <line num="1" count="1" type="stmt"/>
      <line num="4" count="1" type="stmt"/>
      <line num="5" count="1" type="stmt"/>
      <line num="6" count="1" type="stmt"/>
      <line num="8" count="22" type="cond" truecount="1" falsecount="0"/>
      <line num="9" count="22" type="stmt"/>
      <line num="10" count="22" type="cond" truecount="2" falsecount="0"/>
      <line num="11" count="22" type="cond" truecount="1" falsecount="0"/>
      <line num="13" count="22" type="stmt"/>
      <line num="14" count="22" type="stmt"/>
      <line num="15" count="22" type="stmt"/>
      <line num="16" count="22" type="stmt"/>
      <line num="17" count="22" type="stmt"/>
      <line num="18" count="22" type="cond" truecount="1" falsecount="0"/>
      <line num="19" count="88" type="stmt"/>
      <line num="20" count="88" type="cond" truecount="1" falsecount="0"/>
      <line num="21" count="220" type="stmt"/>
      <line num="22" count="220" type="stmt"/>
      <line num="23" count="220" type="stmt"/>
      <line num="24" count="88" type="stmt"/>
      <line num="25" count="88" type="stmt"/>
      <line num="26" count="22" type="stmt"/>
      <line num="27" count="22" type="cond" truecount="1" falsecount="0"/>
      <line num="28" count="88" type="stmt"/>
      <line num="29" count="88" type="stmt"/>
      <line num="30" count="88" type="stmt"/>
      <line num="31" count="22" type="stmt"/>
      <line num="32" count="22" type="stmt"/>
      <line num="34" count="22" type="stmt"/>
      <line num="35" count="22" type="stmt"/>
      <line num="36" count="22" type="stmt"/>
      <line num="38" count="22" type="stmt"/>
      <line num="40" count="1" type="stmt"/>
    </file>
    <file name="canReconfigure.ts" path="C:\Users\nady4\Desktop\dev\vitest-tdd\src\canReconfigure.ts">
      <metrics statements="18" coveredstatements="7" conditionals="8" coveredconditionals="7" methods="1" coveredmethods="1"/>
      <line num="6" count="1" type="cond" truecount="1" falsecount="0"/>
      <line num="7" count="6" type="cond" truecount="3" falsecount="0"/>
      <line num="8" count="6" type="cond" truecount="2" falsecount="0"/>
      <line num="10" count="2" type="stmt"/>
      <line num="11" count="6" type="cond" truecount="1" falsecount="0"/>
      <line num="13" count="1" type="stmt"/>
      <line num="14" count="1" type="cond" truecount="0" falsecount="1"/>
      <line num="16" count="0" type="stmt"/>
      <line num="18" count="0" type="stmt"/>
      <line num="19" count="0" type="stmt"/>
      <line num="20" count="0" type="stmt"/>
      <line num="22" count="0" type="stmt"/>
      <line num="23" count="0" type="stmt"/>
      <line num="25" count="0" type="stmt"/>
      <line num="26" count="0" type="stmt"/>
      <line num="27" count="0" type="stmt"/>
      <line num="28" count="0" type="stmt"/>
      <line num="29" count="0" type="stmt"/>
    </file>
    <file name="fizzbuzz.ts" path="C:\Users\nady4\Desktop\dev\vitest-tdd\src\fizzbuzz.ts">
      <metrics statements="14" coveredstatements="14" conditionals="8" coveredconditionals="8" methods="1" coveredmethods="1"/>
      <line num="6" count="1" type="cond" truecount="1" falsecount="0"/>
      <line num="7" count="10" type="cond" truecount="1" falsecount="0"/>
      <line num="8" count="1" type="stmt"/>
      <line num="9" count="1" type="cond" truecount="1" falsecount="0"/>
      <line num="10" count="10" type="cond" truecount="1" falsecount="0"/>
      <line num="11" count="1" type="stmt"/>
      <line num="12" count="1" type="cond" truecount="1" falsecount="0"/>
      <line num="14" count="8" type="stmt"/>
      <line num="15" count="8" type="stmt"/>
      <line num="17" count="8" type="cond" truecount="1" falsecount="0"/>
      <line num="18" count="16" type="cond" truecount="1" falsecount="0"/>
      <line num="19" count="8" type="stmt"/>
      <line num="21" count="10" type="cond" truecount="1" falsecount="0"/>
      <line num="22" count="10" type="stmt"/>
    </file>
    <file name="main.tsx" path="C:\Users\nady4\Desktop\dev\vitest-tdd\src\main.tsx">
      <metrics statements="6" coveredstatements="0" conditionals="1" coveredconditionals="0" methods="1" coveredmethods="0"/>
      <line num="1" count="0" type="cond" truecount="0" falsecount="1"/>
      <line num="2" count="0" type="stmt"/>
      <line num="3" count="0" type="stmt"/>
      <line num="5" count="0" type="stmt"/>
      <line num="6" count="0" type="stmt"/>
      <line num="7" count="0" type="stmt"/>
    </file>
  </project>
</coverage>
