{"C:\\Users\\nady4\\Desktop\\dev\\vitest-tdd\\src\\calculator.tsx": {"path":"C:\\Users\\nady4\\Desktop\\dev\\vitest-tdd\\src\\calculator.tsx","all":false,"statementMap":{"0":{"start":{"line":1,"column":0},"end":{"line":1,"column":26}},"3":{"start":{"line":4,"column":0},"end":{"line":4,"column":72}},"4":{"start":{"line":5,"column":0},"end":{"line":5,"column":74}},"5":{"start":{"line":6,"column":0},"end":{"line":6,"column":47}},"7":{"start":{"line":8,"column":0},"end":{"line":8,"column":23}},"8":{"start":{"line":9,"column":0},"end":{"line":9,"column":47}},"9":{"start":{"line":10,"column":0},"end":{"line":10,"column":80}},"10":{"start":{"line":11,"column":0},"end":{"line":11,"column":69}},"12":{"start":{"line":13,"column":0},"end":{"line":13,"column":10}},"13":{"start":{"line":14,"column":0},"end":{"line":14,"column":13}},"14":{"start":{"line":15,"column":0},"end":{"line":15,"column":25}},"15":{"start":{"line":16,"column":0},"end":{"line":16,"column":50}},"16":{"start":{"line":17,"column":0},"end":{"line":17,"column":23}},"17":{"start":{"line":18,"column":0},"end":{"line":18,"column":28}},"18":{"start":{"line":19,"column":0},"end":{"line":19,"column":26}},"19":{"start":{"line":20,"column":0},"end":{"line":20,"column":34}},"20":{"start":{"line":21,"column":0},"end":{"line":21,"column":69}},"21":{"start":{"line":22,"column":0},"end":{"line":22,"column":24}},"22":{"start":{"line":23,"column":0},"end":{"line":23,"column":23}},"23":{"start":{"line":24,"column":0},"end":{"line":24,"column":15}},"24":{"start":{"line":25,"column":0},"end":{"line":25,"column":16}},"25":{"start":{"line":26,"column":0},"end":{"line":26,"column":11}},"26":{"start":{"line":27,"column":0},"end":{"line":27,"column":40}},"27":{"start":{"line":28,"column":0},"end":{"line":28,"column":68}},"28":{"start":{"line":29,"column":0},"end":{"line":29,"column":23}},"29":{"start":{"line":30,"column":0},"end":{"line":30,"column":19}},"30":{"start":{"line":31,"column":0},"end":{"line":31,"column":11}},"31":{"start":{"line":32,"column":0},"end":{"line":32,"column":52}},"33":{"start":{"line":34,"column":0},"end":{"line":34,"column":17}},"34":{"start":{"line":35,"column":0},"end":{"line":35,"column":12}},"35":{"start":{"line":36,"column":0},"end":{"line":36,"column":14}},"37":{"start":{"line":38,"column":0},"end":{"line":38,"column":1}},"39":{"start":{"line":40,"column":0},"end":{"line":40,"column":26}}},"s":{"0":1,"3":1,"4":1,"5":1,"7":22,"8":22,"9":22,"10":22,"12":22,"13":22,"14":22,"15":22,"16":22,"17":22,"18":88,"19":88,"20":220,"21":220,"22":220,"23":88,"24":88,"25":22,"26":22,"27":88,"28":88,"29":88,"30":22,"31":22,"33":22,"34":22,"35":22,"37":22,"39":1},"branchMap":{"0":{"type":"branch","line":8,"loc":{"start":{"line":8,"column":0},"end":{"line":38,"column":1}},"locations":[{"start":{"line":8,"column":0},"end":{"line":38,"column":1}}]},"1":{"type":"branch","line":10,"loc":{"start":{"line":10,"column":23},"end":{"line":10,"column":80}},"locations":[{"start":{"line":10,"column":23},"end":{"line":10,"column":80}}]},"2":{"type":"branch","line":10,"loc":{"start":{"line":10,"column":43},"end":{"line":10,"column":80}},"locations":[{"start":{"line":10,"column":43},"end":{"line":10,"column":80}}]},"3":{"type":"branch","line":11,"loc":{"start":{"line":11,"column":20},"end":{"line":11,"column":69}},"locations":[{"start":{"line":11,"column":20},"end":{"line":11,"column":69}}]},"4":{"type":"branch","line":18,"loc":{"start":{"line":18,"column":18},"end":{"line":25,"column":16}},"locations":[{"start":{"line":18,"column":18},"end":{"line":25,"column":16}}]},"5":{"type":"branch","line":20,"loc":{"start":{"line":20,"column":21},"end":{"line":23,"column":23}},"locations":[{"start":{"line":20,"column":21},"end":{"line":23,"column":23}}]},"6":{"type":"branch","line":27,"loc":{"start":{"line":27,"column":24},"end":{"line":30,"column":19}},"locations":[{"start":{"line":27,"column":24},"end":{"line":30,"column":19}}]}},"b":{"0":[22],"1":[308],"2":[10],"3":[1],"4":[88],"5":[220],"6":[88]},"fnMap":{"0":{"name":"Calculator","decl":{"start":{"line":8,"column":0},"end":{"line":38,"column":1}},"loc":{"start":{"line":8,"column":0},"end":{"line":38,"column":1}},"line":8},"1":{"name":"handleButton","decl":{"start":{"line":10,"column":23},"end":{"line":10,"column":80}},"loc":{"start":{"line":10,"column":23},"end":{"line":10,"column":80}},"line":10},"2":{"name":"calculate","decl":{"start":{"line":11,"column":20},"end":{"line":11,"column":69}},"loc":{"start":{"line":11,"column":20},"end":{"line":11,"column":69}},"line":11}},"f":{"0":22,"1":308,"2":1}}
,"C:\\Users\\nady4\\Desktop\\dev\\vitest-tdd\\src\\canReconfigure.ts": {"path":"C:\\Users\\nady4\\Desktop\\dev\\vitest-tdd\\src\\canReconfigure.ts","all":false,"statementMap":{"5":{"start":{"line":6,"column":0},"end":{"line":6,"column":70}},"6":{"start":{"line":7,"column":0},"end":{"line":7,"column":73}},"7":{"start":{"line":8,"column":0},"end":{"line":8,"column":17}},"9":{"start":{"line":10,"column":0},"end":{"line":10,"column":49}},"10":{"start":{"line":11,"column":0},"end":{"line":11,"column":34}},"12":{"start":{"line":13,"column":0},"end":{"line":13,"column":71}},"13":{"start":{"line":14,"column":0},"end":{"line":14,"column":42}},"15":{"start":{"line":16,"column":0},"end":{"line":16,"column":29}},"17":{"start":{"line":18,"column":0},"end":{"line":18,"column":44}},"18":{"start":{"line":19,"column":0},"end":{"line":19,"column":31}},"19":{"start":{"line":20,"column":0},"end":{"line":20,"column":27}},"21":{"start":{"line":22,"column":0},"end":{"line":22,"column":61}},"22":{"start":{"line":23,"column":0},"end":{"line":23,"column":80}},"24":{"start":{"line":25,"column":0},"end":{"line":25,"column":43}},"25":{"start":{"line":26,"column":0},"end":{"line":26,"column":3}},"26":{"start":{"line":27,"column":0},"end":{"line":27,"column":31}},"27":{"start":{"line":28,"column":0},"end":{"line":28,"column":14}},"28":{"start":{"line":29,"column":0},"end":{"line":29,"column":2}}},"s":{"5":1,"6":6,"7":6,"9":2,"10":6,"12":1,"13":1,"15":0,"17":0,"18":0,"19":0,"21":0,"22":0,"24":0,"25":0,"26":0,"27":0,"28":0},"branchMap":{"0":{"type":"branch","line":6,"loc":{"start":{"line":6,"column":30},"end":{"line":29,"column":2}},"locations":[{"start":{"line":6,"column":30},"end":{"line":29,"column":2}}]},"1":{"type":"branch","line":7,"loc":{"start":{"line":7,"column":7},"end":{"line":7,"column":22}},"locations":[{"start":{"line":7,"column":7},"end":{"line":7,"column":22}}]},"2":{"type":"branch","line":7,"loc":{"start":{"line":7,"column":16},"end":{"line":7,"column":50}},"locations":[{"start":{"line":7,"column":16},"end":{"line":7,"column":50}}]},"3":{"type":"branch","line":7,"loc":{"start":{"line":7,"column":38},"end":{"line":7,"column":73}},"locations":[{"start":{"line":7,"column":38},"end":{"line":7,"column":73}}]},"4":{"type":"branch","line":8,"loc":{"start":{"line":8,"column":4},"end":{"line":8,"column":17}},"locations":[{"start":{"line":8,"column":4},"end":{"line":8,"column":17}}]},"5":{"type":"branch","line":8,"loc":{"start":{"line":8,"column":11},"end":{"line":11,"column":28}},"locations":[{"start":{"line":8,"column":11},"end":{"line":11,"column":28}}]},"6":{"type":"branch","line":11,"loc":{"start":{"line":11,"column":21},"end":{"line":14,"column":42}},"locations":[{"start":{"line":11,"column":21},"end":{"line":14,"column":42}}]},"7":{"type":"branch","line":14,"loc":{"start":{"line":14,"column":36},"end":{"line":29,"column":2}},"locations":[{"start":{"line":14,"column":36},"end":{"line":29,"column":2}}]}},"b":{"0":[6],"1":[5],"2":[4],"3":[3],"4":[4],"5":[2],"6":[1],"7":[0]},"fnMap":{"0":{"name":"canReconfigure","decl":{"start":{"line":6,"column":30},"end":{"line":29,"column":2}},"loc":{"start":{"line":6,"column":30},"end":{"line":29,"column":2}},"line":6}},"f":{"0":6}}
,"C:\\Users\\nady4\\Desktop\\dev\\vitest-tdd\\src\\fizzbuzz.ts": {"path":"C:\\Users\\nady4\\Desktop\\dev\\vitest-tdd\\src\\fizzbuzz.ts","all":false,"statementMap":{"5":{"start":{"line":6,"column":0},"end":{"line":6,"column":50}},"6":{"start":{"line":7,"column":0},"end":{"line":7,"column":32}},"7":{"start":{"line":8,"column":0},"end":{"line":8,"column":53}},"8":{"start":{"line":9,"column":0},"end":{"line":9,"column":3}},"9":{"start":{"line":10,"column":0},"end":{"line":10,"column":26}},"10":{"start":{"line":11,"column":0},"end":{"line":11,"column":53}},"11":{"start":{"line":12,"column":0},"end":{"line":12,"column":3}},"13":{"start":{"line":14,"column":0},"end":{"line":14,"column":46}},"14":{"start":{"line":15,"column":0},"end":{"line":15,"column":18}},"16":{"start":{"line":17,"column":0},"end":{"line":17,"column":62}},"17":{"start":{"line":18,"column":0},"end":{"line":18,"column":49}},"18":{"start":{"line":19,"column":0},"end":{"line":19,"column":5}},"20":{"start":{"line":21,"column":0},"end":{"line":21,"column":34}},"21":{"start":{"line":22,"column":0},"end":{"line":22,"column":2}}},"s":{"5":1,"6":10,"7":1,"8":1,"9":10,"10":1,"11":1,"13":8,"14":8,"16":8,"17":16,"18":8,"20":10,"21":10},"branchMap":{"0":{"type":"branch","line":6,"loc":{"start":{"line":6,"column":24},"end":{"line":22,"column":2}},"locations":[{"start":{"line":6,"column":24},"end":{"line":22,"column":2}}]},"1":{"type":"branch","line":7,"loc":{"start":{"line":7,"column":31},"end":{"line":9,"column":3}},"locations":[{"start":{"line":7,"column":31},"end":{"line":9,"column":3}}]},"2":{"type":"branch","line":9,"loc":{"start":{"line":9,"column":2},"end":{"line":10,"column":25}},"locations":[{"start":{"line":9,"column":2},"end":{"line":10,"column":25}}]},"3":{"type":"branch","line":10,"loc":{"start":{"line":10,"column":25},"end":{"line":12,"column":3}},"locations":[{"start":{"line":10,"column":25},"end":{"line":12,"column":3}}]},"4":{"type":"branch","line":12,"loc":{"start":{"line":12,"column":2},"end":{"line":21,"column":19}},"locations":[{"start":{"line":12,"column":2},"end":{"line":21,"column":19}}]},"5":{"type":"branch","line":21,"loc":{"start":{"line":21,"column":9},"end":{"line":21,"column":34}},"locations":[{"start":{"line":21,"column":9},"end":{"line":21,"column":34}}]},"6":{"type":"branch","line":17,"loc":{"start":{"line":17,"column":37},"end":{"line":19,"column":3}},"locations":[{"start":{"line":17,"column":37},"end":{"line":19,"column":3}}]},"7":{"type":"branch","line":18,"loc":{"start":{"line":18,"column":33},"end":{"line":18,"column":49}},"locations":[{"start":{"line":18,"column":33},"end":{"line":18,"column":49}}]}},"b":{"0":[10],"1":[1],"2":[9],"3":[1],"4":[8],"5":[1],"6":[16],"7":[9]},"fnMap":{"0":{"name":"fizzBuzz","decl":{"start":{"line":6,"column":24},"end":{"line":22,"column":2}},"loc":{"start":{"line":6,"column":24},"end":{"line":22,"column":2}},"line":6}},"f":{"0":10}}
,"C:\\Users\\nady4\\Desktop\\dev\\vitest-tdd\\src\\main.tsx": {"path":"C:\\Users\\nady4\\Desktop\\dev\\vitest-tdd\\src\\main.tsx","all":true,"statementMap":{"0":{"start":{"line":1,"column":0},"end":{"line":1,"column":26}},"1":{"start":{"line":2,"column":0},"end":{"line":2,"column":40}},"2":{"start":{"line":3,"column":0},"end":{"line":3,"column":38}},"4":{"start":{"line":5,"column":0},"end":{"line":5,"column":75}},"5":{"start":{"line":6,"column":0},"end":{"line":6,"column":16}},"6":{"start":{"line":7,"column":0},"end":{"line":7,"column":2}}},"s":{"0":0,"1":0,"2":0,"4":0,"5":0,"6":0},"branchMap":{"0":{"type":"branch","line":1,"loc":{"start":{"line":1,"column":209},"end":{"line":7,"column":2}},"locations":[{"start":{"line":1,"column":209},"end":{"line":7,"column":2}}]}},"b":{"0":[0]},"fnMap":{"0":{"name":"(empty-report)","decl":{"start":{"line":1,"column":209},"end":{"line":7,"column":2}},"loc":{"start":{"line":1,"column":209},"end":{"line":7,"column":2}},"line":1}},"f":{"0":0}}
}
